<?xml version="1.0" encoding="UTF-8"?>
<!-- Generated by org.testng.reporters.JUnitReportReporter -->
<testsuite hostname="Sunil" failures="0" tests="1" name="com.crm.Product.DeleteProductTest" time="53.320" errors="0" timestamp="2022-10-07T19:19:39 IST" skipped="0">
  <testcase classname="com.crm.Product.DeleteProductTest" name="deleteProductTest" time="53.320"/>
  <system-out/>
</testsuite> <!-- com.crm.Product.DeleteProductTest -->
