<?xml version="1.0" encoding="UTF-8"?>
<!-- Generated by org.testng.reporters.JUnitReportReporter -->
<testsuite hostname="Sunil" failures="0" tests="1" name="practice.DataProviderServiceTest" time="15.777" errors="0" timestamp="2022-10-14T12:04:31 IST" skipped="0">
  <testcase classname="practice.DataProviderServiceTest" name="serviceDetail" time="15.777"/>
  <system-out/>
</testsuite> <!-- practice.DataProviderServiceTest -->
