<?xml version="1.0" encoding="UTF-8"?>
<!-- Generated by org.testng.reporters.JUnitReportReporter -->
<testsuite hostname="Sunil" failures="0" tests="2" name="practice.HardAssertTest" time="0.015" errors="0" timestamp="2022-10-07T11:10:36 IST" skipped="0">
  <testcase classname="practice.HardAssertTest" name="createCustomerTest" time="0.014"/>
  <system-out/>
  <testcase classname="practice.HardAssertTest" name="modifyCustTest" time="0.001"/>
  <system-out/>
</testsuite> <!-- practice.HardAssertTest -->
