<?xml version="1.0" encoding="UTF-8"?>
<!-- Generated by org.testng.reporters.JUnitReportReporter -->
<testsuite hostname="Sunil" failures="0" tests="1" name="com.crm.Product.CreateProductTest" time="45.510" errors="0" timestamp="2022-10-07T19:17:44 IST" skipped="0">
  <testcase classname="com.crm.Product.CreateProductTest" name="createProductTest" time="45.510"/>
  <system-out/>
</testsuite> <!-- com.crm.Product.CreateProductTest -->
