<?xml version="1.0" encoding="UTF-8"?>
<!-- Generated by org.testng.reporters.JUnitReportReporter -->
<testsuite hostname="Sunil" failures="0" tests="5" name="practice.DataProviderTest" time="0.017" errors="0" timestamp="2022-10-13T10:16:52 IST" skipped="0">
  <testcase classname="practice.DataProviderTest" name="bookTicket" time="0.001"/>
  <system-out/>
  <testcase classname="practice.DataProviderTest" name="bookTicket" time="0.011"/>
  <system-out/>
  <testcase classname="practice.DataProviderTest" name="bookTicket" time="0.002"/>
  <system-out/>
  <testcase classname="practice.DataProviderTest" name="bookTicket" time="0.002"/>
  <system-out/>
  <testcase classname="practice.DataProviderTest" name="bookTicket" time="0.001"/>
  <system-out/>
</testsuite> <!-- practice.DataProviderTest -->
