<?xml version="1.0" encoding="UTF-8"?>
<!-- Generated by org.testng.reporters.JUnitReportReporter -->
<testsuite hostname="Sunil" failures="0" tests="1" name="com.crm.Campaign.CreateCampaignWithProductTest" time="78.795" errors="0" timestamp="2022-10-14T10:08:26 IST" skipped="0">
  <testcase classname="com.crm.Campaign.CreateCampaignWithProductTest" name="createCampaignWithProductTest" time="78.795"/>
  <system-out/>
</testsuite> <!-- com.crm.Campaign.CreateCampaignWithProductTest -->
