<?xml version="1.0" encoding="UTF-8"?>
<!-- Generated by org.testng.reporters.JUnitReportReporter -->
<testsuite hostname="Sunil" failures="0" tests="1" name="com.crm.Campaign.CreateCampaign" time="18.904" errors="0" timestamp="2022-10-04T11:47:45 IST" skipped="0">
  <testcase classname="com.crm.Campaign.CreateCampaign" name="CreateCampaign" time="18.904"/>
  <system-out/>
</testsuite> <!-- com.crm.Campaign.CreateCampaign -->
