<?xml version="1.0" encoding="UTF-8"?>
<!-- Generated by org.testng.reporters.JUnitReportReporter -->
<testsuite hostname="Sunil" failures="0" tests="3" name="practice.TestNgDemo" time="0.007" errors="0" timestamp="2022-10-06T16:09:00 IST" skipped="0">
  <testcase classname="practice.TestNgDemo" name="Sample2" time="0.002"/>
  <system-out/>
  <testcase classname="practice.TestNgDemo" name="Sample3" time="0.003"/>
  <system-out/>
  <testcase classname="practice.TestNgDemo" name="Sample1" time="0.002"/>
  <system-out/>
</testsuite> <!-- practice.TestNgDemo -->
