<?xml version="1.0" encoding="UTF-8"?>
<!-- Generated by org.testng.reporters.JUnitReportReporter -->
<testsuite hostname="Sunil" failures="0" tests="1" name="practice.ParametersTest" time="16.678" errors="0" timestamp="2022-10-11T10:48:35 IST" skipped="0">
  <testcase classname="practice.ParametersTest" name="paramethod" time="16.678"/>
  <system-out/>
</testsuite> <!-- practice.ParametersTest -->
