<?xml version="1.0" encoding="UTF-8"?>
<!-- Generated by org.testng.reporters.JUnitReportReporter -->
<testsuite hostname="Sunil" failures="0" tests="1" name="com.crm.Organisation.CreateOrganisationTest" time="54.963" errors="0" timestamp="2022-10-14T10:08:26 IST" skipped="0">
  <testcase classname="com.crm.Organisation.CreateOrganisationTest" name="createOrganisationTest" time="54.963"/>
  <system-out/>
</testsuite> <!-- com.crm.Organisation.CreateOrganisationTest -->
