<?xml version="1.0" encoding="UTF-8"?>
<!-- Generated by org.testng.reporters.JUnitReportReporter -->
<testsuite hostname="Sunil" failures="0" tests="1" name="com.crm.Campaign.CreateCampaignTest" time="52.278" errors="0" timestamp="2022-10-14T10:08:26 IST" skipped="0">
  <testcase classname="com.crm.Campaign.CreateCampaignTest" name="createCampaignTest" time="52.278"/>
  <system-out/>
</testsuite> <!-- com.crm.Campaign.CreateCampaignTest -->
